============================================================
test 1
W: file does not contain ape tag
No valid APE tag found
============================================================
test 2
W: file does not contain ape tag
Found APE tag at offset 193
Items:
"Title" "--title--"
Found APE tag at offset 193
Items:
"title" "--title--"
============================================================
test 3
W: file does not contain ape tag
Found APE tag at offset 193
Items:
"Year" "--year2--"
"Title" "--title2--"
W: truncating file from 303 to 281
Found APE tag at offset 193
Items:
"Title" "--title3--"
W: truncating file from 281 to 193
W: file does not contain ape tag
No valid APE tag found
============================================================
test 4
W: file does not contain ape tag
Found APE tag at offset 193
Items:
"Year" "--year2--"
"Title" "--title2--"
W: truncating file from 303 to 281
Found APE tag at offset 193
Items:
"Title" "--title3--"
============================================================
test 5
W: file does not contain ape tag
Found APE tag at offset 193
Items:
"Test.sh" <Binary>
Found APE tag at offset 193
Items:
"test.sh" <Binary>
============================================================
test 6
W: file does not contain ape tag
Found APE tag at offset 193
Items:
"NotTest" <Binary>
"Test.sh" <Binary>
W: truncating file from 70585 to 1374
Found APE tag at offset 193
Items:
"Test.sh" <Binary>
W: truncating file from 1374 to 193
W: file does not contain ape tag
No valid APE tag found
============================================================
test 7
W: file does not contain ape tag
Found APE tag at offset 193
Items:
"NotTest" <Binary>
"Test.sh" <Binary>
W: truncating file from 70585 to 1374
Found APE tag at offset 193
Items:
"Test.sh" <Binary>
============================================================
test 8
W: file does not contain ape tag
Found APE tag at offset 193
Items:
"TestPage" "http://bo.gus/addr"
Found APE tag at offset 193
Items:
"testpage" "http://bo.gus/addr"
============================================================
test 9
W: file does not contain ape tag
Found APE tag at offset 193
Items:
"ExternalCover" "/dev/zero"
"TestPage" "http://bo.gus/website/page.html"
W: truncating file from 336 to 306
Found APE tag at offset 193
Items:
"TestPage" "http://bo.gus/addr/testpage.html"
W: truncating file from 306 to 193
W: file does not contain ape tag
No valid APE tag found
============================================================
test 10
W: file does not contain ape tag
Found APE tag at offset 193
Items:
"ExternalCover" "/dev/zero"
"TestPage" "http://bo.gus/website/page.html"
W: truncating file from 336 to 306
Found APE tag at offset 193
Items:
"TestPage" "http://bo.gus/addr/testpage.html"
============================================================
test 11
W: file does not contain ape tag
Found APE tag at offset 193
Items:
"Test" "File"
"ExternalCover" "/dev/zero"
"Test.sh" <Binary>
Found APE tag at offset 193
Items:
"test" "File"
"externalcover" "/dev/zero"
"test.sh" <Binary>
done
